Build started 2/11/2017 6:39:41 PM.
     1>Project "D:\electronics\piyush\VisualStudio2012Workspace\GEApp\GEApp\GEApp.vcxproj" on node 2 (Build target(s)).
     1>ClCompile:
         C:\Program Files (x86)\Microsoft Visual Studio 11.0\VC\bin\x86_amd64\CL.exe /c /Zi /nologo /W3 /WX- /sdl /O2 /Oi /GL /D WIN32 /D NDEBUG /D _CONSOLE /D _UNICODE /D UNICODE /Gm- /EHsc /MD /GS /Gy /fp:precise /Zc:wchar_t /Zc:forScope /Yc"stdafx.h" /Fp"x64\Release\GEApp.pch" /Fo"x64\Release\\" /Fd"x64\Release\vc110.pdb" /Gd /TP /errorReport:prompt stdafx.cpp
         stdafx.cpp
         C:\Program Files (x86)\Microsoft Visual Studio 11.0\VC\bin\x86_amd64\CL.exe /c /Zi /nologo /W3 /WX- /sdl /O2 /Oi /GL /D WIN32 /D NDEBUG /D _CONSOLE /D _UNICODE /D UNICODE /Gm- /EHsc /MD /GS /Gy /fp:precise /Zc:wchar_t /Zc:forScope /Yu"stdafx.h" /Fp"x64\Release\GEApp.pch" /Fo"x64\Release\\" /Fd"x64\Release\vc110.pdb" /Gd /TP /errorReport:prompt CascadeClassifierController.cpp DataCreator.cpp Debug.cpp GEApp.cpp KeyboardController.cpp MouseController.cpp OpticalFlowController.cpp RegionOfInterest.cpp VideoController.cpp WindowController.cpp
         CascadeClassifierController.cpp
     1>d:\electronics\piyush\visualstudio2012workspace\geapp\geapp\CascadeClassifierController.h(2): fatal error C1083: Cannot open include file: 'objdetect\objdetect.hpp': No such file or directory
         DataCreator.cpp
         Debug.cpp
         GEApp.cpp
     1>GEApp.cpp(4): fatal error C1083: Cannot open include file: 'opencv2/objdetect/objdetect.hpp': No such file or directory
         KeyboardController.cpp
         MouseController.cpp
     1>MouseController.cpp(3): fatal error C1083: Cannot open include file: 'opencv2\highgui\highgui.hpp': No such file or directory
         OpticalFlowController.cpp
     1>d:\electronics\piyush\visualstudio2012workspace\geapp\geapp\OpticalFlowController.h(2): fatal error C1083: Cannot open include file: 'opencv2\video\tracking.hpp': No such file or directory
         RegionOfInterest.cpp
     1>d:\electronics\piyush\visualstudio2012workspace\geapp\geapp\RegionOfInterest.h(3): fatal error C1083: Cannot open include file: 'opencv2\highgui\highgui.hpp': No such file or directory
         VideoController.cpp
     1>d:\electronics\piyush\visualstudio2012workspace\geapp\geapp\VideoController.h(2): fatal error C1083: Cannot open include file: 'opencv2\highgui\highgui.hpp': No such file or directory
         WindowController.cpp
     1>d:\electronics\piyush\visualstudio2012workspace\geapp\geapp\WindowController.h(3): fatal error C1083: Cannot open include file: 'opencv2\highgui\highgui.hpp': No such file or directory
     1>Done Building Project "D:\electronics\piyush\VisualStudio2012Workspace\GEApp\GEApp\GEApp.vcxproj" (Build target(s)) -- FAILED.

Build FAILED.

Time Elapsed 00:00:02.77
