D:\ELECTRONICS\PIYUSH\VISUALSTUDIO2012WORKSPACE\GEAPP\GEAPP\X64\DEBUG\GEAPP.PCH
D:\ELECTRONICS\PIYUSH\VISUALSTUDIO2012WORKSPACE\GEAPP\GEAPP\X64\DEBUG\STDAFX.OBJ
D:\ELECTRONICS\PIYUSH\VISUALSTUDIO2012WORKSPACE\GEAPP\GEAPP\X64\DEBUG\VC110.PDB
D:\ELECTRONICS\PIYUSH\VISUALSTUDIO2012WORKSPACE\GEAPP\GEAPP\X64\DEBUG\CASCADECLASSIFIERCONTROLLER.OBJ
D:\ELECTRONICS\PIYUSH\VISUALSTUDIO2012WORKSPACE\GEAPP\GEAPP\X64\DEBUG\DATACREATOR.OBJ
D:\ELECTRONICS\PIYUSH\VISUALSTUDIO2012WORKSPACE\GEAPP\GEAPP\X64\DEBUG\DEBUG.OBJ
D:\ELECTRONICS\PIYUSH\VISUALSTUDIO2012WORKSPACE\GEAPP\GEAPP\X64\DEBUG\FILEHANDLER.OBJ
D:\ELECTRONICS\PIYUSH\VISUALSTUDIO2012WORKSPACE\GEAPP\GEAPP\X64\DEBUG\GEAPP.OBJ
D:\ELECTRONICS\PIYUSH\VISUALSTUDIO2012WORKSPACE\GEAPP\GEAPP\X64\DEBUG\KEYBOARDCONTROLLER.OBJ
D:\ELECTRONICS\PIYUSH\VISUALSTUDIO2012WORKSPACE\GEAPP\GEAPP\X64\DEBUG\OPTICALFLOWCONTROLLER.OBJ
D:\ELECTRONICS\PIYUSH\VISUALSTUDIO2012WORKSPACE\GEAPP\GEAPP\X64\DEBUG\REGIONOFINTEREST.OBJ
D:\ELECTRONICS\PIYUSH\VISUALSTUDIO2012WORKSPACE\GEAPP\GEAPP\X64\DEBUG\WINDOWCONTROLLER.OBJ
D:\ELECTRONICS\PIYUSH\VISUALSTUDIO2012WORKSPACE\GEAPP\GEAPP\X64\DEBUG\VIDEOCONTROLLER.OBJ
D:\ELECTRONICS\PIYUSH\VISUALSTUDIO2012WORKSPACE\GEAPP\GEAPP\X64\DEBUG\MOUSECONTROLLER.OBJ
D:\ELECTRONICS\PIYUSH\VISUALSTUDIO2012WORKSPACE\GEAPP\X64\DEBUG\GEAPP.ILK
D:\ELECTRONICS\PIYUSH\VISUALSTUDIO2012WORKSPACE\GEAPP\X64\DEBUG\GEAPP.EXE
D:\ELECTRONICS\PIYUSH\VISUALSTUDIO2012WORKSPACE\GEAPP\X64\DEBUG\GEAPP.PDB
D:\electronics\piyush\VisualStudio2012Workspace\GEApp\GEApp\x64\Debug\CascadeClassifierController.obj
D:\electronics\piyush\VisualStudio2012Workspace\GEApp\GEApp\x64\Debug\DataCreator.obj
D:\electronics\piyush\VisualStudio2012Workspace\GEApp\GEApp\x64\Debug\Debug.obj
D:\electronics\piyush\VisualStudio2012Workspace\GEApp\GEApp\x64\Debug\FileHandler.obj
D:\electronics\piyush\VisualStudio2012Workspace\GEApp\GEApp\x64\Debug\GEApp.obj
D:\electronics\piyush\VisualStudio2012Workspace\GEApp\GEApp\x64\Debug\KeyboardController.obj
D:\electronics\piyush\VisualStudio2012Workspace\GEApp\GEApp\x64\Debug\OpticalFlowController.obj
D:\electronics\piyush\VisualStudio2012Workspace\GEApp\GEApp\x64\Debug\RegionOfInterest.obj
D:\electronics\piyush\VisualStudio2012Workspace\GEApp\GEApp\x64\Debug\stdafx.obj
D:\electronics\piyush\VisualStudio2012Workspace\GEApp\GEApp\x64\Debug\VideoController.obj
D:\electronics\piyush\VisualStudio2012Workspace\GEApp\GEApp\x64\Debug\WindowController.obj
D:\electronics\piyush\VisualStudio2012Workspace\GEApp\GEApp\x64\Debug\cl.command.1.tlog
D:\electronics\piyush\VisualStudio2012Workspace\GEApp\GEApp\x64\Debug\CL.read.1.tlog
D:\electronics\piyush\VisualStudio2012Workspace\GEApp\GEApp\x64\Debug\CL.write.1.tlog
D:\electronics\piyush\VisualStudio2012Workspace\GEApp\GEApp\x64\Debug\link-cvtres.read.1.tlog
D:\electronics\piyush\VisualStudio2012Workspace\GEApp\GEApp\x64\Debug\link-cvtres.write.1.tlog
D:\electronics\piyush\VisualStudio2012Workspace\GEApp\GEApp\x64\Debug\link-rc.read.1.tlog
D:\electronics\piyush\VisualStudio2012Workspace\GEApp\GEApp\x64\Debug\link-rc.write.1.tlog
D:\electronics\piyush\VisualStudio2012Workspace\GEApp\GEApp\x64\Debug\link.10832-cvtres.read.1.tlog
D:\electronics\piyush\VisualStudio2012Workspace\GEApp\GEApp\x64\Debug\link.10832-cvtres.write.1.tlog
D:\electronics\piyush\VisualStudio2012Workspace\GEApp\GEApp\x64\Debug\link.10832-rc.read.1.tlog
D:\electronics\piyush\VisualStudio2012Workspace\GEApp\GEApp\x64\Debug\link.10832-rc.write.1.tlog
D:\electronics\piyush\VisualStudio2012Workspace\GEApp\GEApp\x64\Debug\link.10832.read.1.tlog
D:\electronics\piyush\VisualStudio2012Workspace\GEApp\GEApp\x64\Debug\link.10832.write.1.tlog
D:\electronics\piyush\VisualStudio2012Workspace\GEApp\GEApp\x64\Debug\link.15076-cvtres.read.1.tlog
D:\electronics\piyush\VisualStudio2012Workspace\GEApp\GEApp\x64\Debug\link.15076-cvtres.write.1.tlog
D:\electronics\piyush\VisualStudio2012Workspace\GEApp\GEApp\x64\Debug\link.15076-rc.read.1.tlog
D:\electronics\piyush\VisualStudio2012Workspace\GEApp\GEApp\x64\Debug\link.15076-rc.write.1.tlog
D:\electronics\piyush\VisualStudio2012Workspace\GEApp\GEApp\x64\Debug\link.15076.read.1.tlog
D:\electronics\piyush\VisualStudio2012Workspace\GEApp\GEApp\x64\Debug\link.15076.write.1.tlog
D:\electronics\piyush\VisualStudio2012Workspace\GEApp\GEApp\x64\Debug\link.15908-cvtres.read.1.tlog
D:\electronics\piyush\VisualStudio2012Workspace\GEApp\GEApp\x64\Debug\link.15908-cvtres.write.1.tlog
D:\electronics\piyush\VisualStudio2012Workspace\GEApp\GEApp\x64\Debug\link.15908-rc.read.1.tlog
D:\electronics\piyush\VisualStudio2012Workspace\GEApp\GEApp\x64\Debug\link.15908-rc.write.1.tlog
D:\electronics\piyush\VisualStudio2012Workspace\GEApp\GEApp\x64\Debug\link.15908.read.1.tlog
D:\electronics\piyush\VisualStudio2012Workspace\GEApp\GEApp\x64\Debug\link.15908.write.1.tlog
D:\electronics\piyush\VisualStudio2012Workspace\GEApp\GEApp\x64\Debug\link.15944-cvtres.read.1.tlog
D:\electronics\piyush\VisualStudio2012Workspace\GEApp\GEApp\x64\Debug\link.15944-cvtres.write.1.tlog
D:\electronics\piyush\VisualStudio2012Workspace\GEApp\GEApp\x64\Debug\link.15944-rc.read.1.tlog
D:\electronics\piyush\VisualStudio2012Workspace\GEApp\GEApp\x64\Debug\link.15944-rc.write.1.tlog
D:\electronics\piyush\VisualStudio2012Workspace\GEApp\GEApp\x64\Debug\link.15944.read.1.tlog
D:\electronics\piyush\VisualStudio2012Workspace\GEApp\GEApp\x64\Debug\link.15944.write.1.tlog
D:\electronics\piyush\VisualStudio2012Workspace\GEApp\GEApp\x64\Debug\link.1616-cvtres.read.1.tlog
D:\electronics\piyush\VisualStudio2012Workspace\GEApp\GEApp\x64\Debug\link.1616-cvtres.write.1.tlog
D:\electronics\piyush\VisualStudio2012Workspace\GEApp\GEApp\x64\Debug\link.1616-rc.read.1.tlog
D:\electronics\piyush\VisualStudio2012Workspace\GEApp\GEApp\x64\Debug\link.1616-rc.write.1.tlog
D:\electronics\piyush\VisualStudio2012Workspace\GEApp\GEApp\x64\Debug\link.1616.read.1.tlog
D:\electronics\piyush\VisualStudio2012Workspace\GEApp\GEApp\x64\Debug\link.1616.write.1.tlog
D:\electronics\piyush\VisualStudio2012Workspace\GEApp\GEApp\x64\Debug\link.17744-cvtres.read.1.tlog
D:\electronics\piyush\VisualStudio2012Workspace\GEApp\GEApp\x64\Debug\link.17744-cvtres.write.1.tlog
D:\electronics\piyush\VisualStudio2012Workspace\GEApp\GEApp\x64\Debug\link.17744-rc.read.1.tlog
D:\electronics\piyush\VisualStudio2012Workspace\GEApp\GEApp\x64\Debug\link.17744-rc.write.1.tlog
D:\electronics\piyush\VisualStudio2012Workspace\GEApp\GEApp\x64\Debug\link.17744.read.1.tlog
D:\electronics\piyush\VisualStudio2012Workspace\GEApp\GEApp\x64\Debug\link.17744.write.1.tlog
D:\electronics\piyush\VisualStudio2012Workspace\GEApp\GEApp\x64\Debug\link.17756-cvtres.read.1.tlog
D:\electronics\piyush\VisualStudio2012Workspace\GEApp\GEApp\x64\Debug\link.17756-cvtres.write.1.tlog
D:\electronics\piyush\VisualStudio2012Workspace\GEApp\GEApp\x64\Debug\link.17756-rc.read.1.tlog
D:\electronics\piyush\VisualStudio2012Workspace\GEApp\GEApp\x64\Debug\link.17756-rc.write.1.tlog
D:\electronics\piyush\VisualStudio2012Workspace\GEApp\GEApp\x64\Debug\link.17756.read.1.tlog
D:\electronics\piyush\VisualStudio2012Workspace\GEApp\GEApp\x64\Debug\link.17756.write.1.tlog
D:\electronics\piyush\VisualStudio2012Workspace\GEApp\GEApp\x64\Debug\link.18320-cvtres.read.1.tlog
D:\electronics\piyush\VisualStudio2012Workspace\GEApp\GEApp\x64\Debug\link.18320-cvtres.write.1.tlog
D:\electronics\piyush\VisualStudio2012Workspace\GEApp\GEApp\x64\Debug\link.18320-rc.read.1.tlog
D:\electronics\piyush\VisualStudio2012Workspace\GEApp\GEApp\x64\Debug\link.18320-rc.write.1.tlog
D:\electronics\piyush\VisualStudio2012Workspace\GEApp\GEApp\x64\Debug\link.18320.read.1.tlog
D:\electronics\piyush\VisualStudio2012Workspace\GEApp\GEApp\x64\Debug\link.18320.write.1.tlog
D:\electronics\piyush\VisualStudio2012Workspace\GEApp\GEApp\x64\Debug\link.3036-cvtres.read.1.tlog
D:\electronics\piyush\VisualStudio2012Workspace\GEApp\GEApp\x64\Debug\link.3036-cvtres.write.1.tlog
D:\electronics\piyush\VisualStudio2012Workspace\GEApp\GEApp\x64\Debug\link.3036-rc.read.1.tlog
D:\electronics\piyush\VisualStudio2012Workspace\GEApp\GEApp\x64\Debug\link.3036-rc.write.1.tlog
D:\electronics\piyush\VisualStudio2012Workspace\GEApp\GEApp\x64\Debug\link.3036.read.1.tlog
D:\electronics\piyush\VisualStudio2012Workspace\GEApp\GEApp\x64\Debug\link.3036.write.1.tlog
D:\electronics\piyush\VisualStudio2012Workspace\GEApp\GEApp\x64\Debug\link.5160-cvtres.read.1.tlog
D:\electronics\piyush\VisualStudio2012Workspace\GEApp\GEApp\x64\Debug\link.5160-cvtres.write.1.tlog
D:\electronics\piyush\VisualStudio2012Workspace\GEApp\GEApp\x64\Debug\link.5160-rc.read.1.tlog
D:\electronics\piyush\VisualStudio2012Workspace\GEApp\GEApp\x64\Debug\link.5160-rc.write.1.tlog
D:\electronics\piyush\VisualStudio2012Workspace\GEApp\GEApp\x64\Debug\link.5160.read.1.tlog
D:\electronics\piyush\VisualStudio2012Workspace\GEApp\GEApp\x64\Debug\link.5160.write.1.tlog
D:\electronics\piyush\VisualStudio2012Workspace\GEApp\GEApp\x64\Debug\link.6880-cvtres.read.1.tlog
D:\electronics\piyush\VisualStudio2012Workspace\GEApp\GEApp\x64\Debug\link.6880-cvtres.write.1.tlog
D:\electronics\piyush\VisualStudio2012Workspace\GEApp\GEApp\x64\Debug\link.6880-rc.read.1.tlog
D:\electronics\piyush\VisualStudio2012Workspace\GEApp\GEApp\x64\Debug\link.6880-rc.write.1.tlog
D:\electronics\piyush\VisualStudio2012Workspace\GEApp\GEApp\x64\Debug\link.6880.read.1.tlog
D:\electronics\piyush\VisualStudio2012Workspace\GEApp\GEApp\x64\Debug\link.6880.write.1.tlog
D:\electronics\piyush\VisualStudio2012Workspace\GEApp\GEApp\x64\Debug\link.7960-cvtres.read.1.tlog
D:\electronics\piyush\VisualStudio2012Workspace\GEApp\GEApp\x64\Debug\link.7960-cvtres.write.1.tlog
D:\electronics\piyush\VisualStudio2012Workspace\GEApp\GEApp\x64\Debug\link.7960-rc.read.1.tlog
D:\electronics\piyush\VisualStudio2012Workspace\GEApp\GEApp\x64\Debug\link.7960-rc.write.1.tlog
D:\electronics\piyush\VisualStudio2012Workspace\GEApp\GEApp\x64\Debug\link.7960.read.1.tlog
D:\electronics\piyush\VisualStudio2012Workspace\GEApp\GEApp\x64\Debug\link.7960.write.1.tlog
D:\electronics\piyush\VisualStudio2012Workspace\GEApp\GEApp\x64\Debug\link.8768-cvtres.read.1.tlog
D:\electronics\piyush\VisualStudio2012Workspace\GEApp\GEApp\x64\Debug\link.8768-cvtres.write.1.tlog
D:\electronics\piyush\VisualStudio2012Workspace\GEApp\GEApp\x64\Debug\link.8768-rc.read.1.tlog
D:\electronics\piyush\VisualStudio2012Workspace\GEApp\GEApp\x64\Debug\link.8768-rc.write.1.tlog
D:\electronics\piyush\VisualStudio2012Workspace\GEApp\GEApp\x64\Debug\link.8768.read.1.tlog
D:\electronics\piyush\VisualStudio2012Workspace\GEApp\GEApp\x64\Debug\link.8768.write.1.tlog
D:\electronics\piyush\VisualStudio2012Workspace\GEApp\GEApp\x64\Debug\link.9020-cvtres.read.1.tlog
D:\electronics\piyush\VisualStudio2012Workspace\GEApp\GEApp\x64\Debug\link.9020-cvtres.write.1.tlog
D:\electronics\piyush\VisualStudio2012Workspace\GEApp\GEApp\x64\Debug\link.9020-rc.read.1.tlog
D:\electronics\piyush\VisualStudio2012Workspace\GEApp\GEApp\x64\Debug\link.9020-rc.write.1.tlog
D:\electronics\piyush\VisualStudio2012Workspace\GEApp\GEApp\x64\Debug\link.9020.read.1.tlog
D:\electronics\piyush\VisualStudio2012Workspace\GEApp\GEApp\x64\Debug\link.9020.write.1.tlog
D:\electronics\piyush\VisualStudio2012Workspace\GEApp\GEApp\x64\Debug\link.9412-cvtres.read.1.tlog
D:\electronics\piyush\VisualStudio2012Workspace\GEApp\GEApp\x64\Debug\link.9412-cvtres.write.1.tlog
D:\electronics\piyush\VisualStudio2012Workspace\GEApp\GEApp\x64\Debug\link.9412-rc.read.1.tlog
D:\electronics\piyush\VisualStudio2012Workspace\GEApp\GEApp\x64\Debug\link.9412-rc.write.1.tlog
D:\electronics\piyush\VisualStudio2012Workspace\GEApp\GEApp\x64\Debug\link.9412.read.1.tlog
D:\electronics\piyush\VisualStudio2012Workspace\GEApp\GEApp\x64\Debug\link.9412.write.1.tlog
D:\electronics\piyush\VisualStudio2012Workspace\GEApp\GEApp\x64\Debug\link.command.1.tlog
D:\electronics\piyush\VisualStudio2012Workspace\GEApp\GEApp\x64\Debug\link.read.1.tlog
D:\electronics\piyush\VisualStudio2012Workspace\GEApp\GEApp\x64\Debug\link.write.1.tlog
D:\electronics\piyush\VisualStudio2012Workspace\GEApp\GEApp\x64\Debug\GEApp.pch
D:\electronics\piyush\VisualStudio2012Workspace\GEApp\GEApp\x64\Debug\vc110.idb
D:\electronics\piyush\VisualStudio2012Workspace\GEApp\GEApp\x64\Debug\vc110.pdb
D:\electronics\piyush\VisualStudio2012Workspace\GEApp\x64\Debug\GEApp.pdb
D:\electronics\piyush\VisualStudio2012Workspace\GEApp\x64\Debug\GEApp.exe
D:\electronics\piyush\VisualStudio2012Workspace\GEApp\x64\Debug\GEApp.ilk
